CCCCCCCCCCCCCCC-----------------------------------------------------------	
 Himax WEI Boot loader 
------------------------------------------------------------	

embARC Build Time: Jan  4 2021, 13:44:14
Compiler Version: Metaware, 4.2.1 Compatible Clang 8.0.1 
Boot loader Version : 1.4.4 (Date:Jan  4 2021)
chip version : 0x8535a1 
cpu speed : 400000000 hz
spi speed : 50000000 hz
wake up evt:4
...secure lib version = 352380df9a347b1187d2361bfcd4455178a1ebcb
1st APPLICATION addr[3]=21000 (main-1966)
Bootloader Done !!!!!!
jump to app FW : 0x10000004
Test sample[0] Start Reading and round values to either -128 or 127

Test sample[0] Start Invoking

Test sample[0] Start Finding Max Value

Test sample "T":
Predicted T (95%) - SUCCESS

Test sample[0] Start Reading

Test sample[0] Start Invoking

Test sample[0] Start Finding Max Value

Test sample "T":
Predicted T (93%) - SUCCESS

Test sample[0] Finsih


Test sample[1] Start Reading and round values to either -128 or 127

Test sample[1] Start Invoking

Test sample[1] Start Finding Max Value

Test sample "R":
Predicted R (98%) - SUCCESS

Test sample[1] Start Reading

Test sample[1] Start Invoking

Test sample[1] Start Finding Max Value

Test sample "R":
Predicted R (29%) - SUCCESS

Test sample[1] Finsih


Test sample[2] Start Reading and round values to either -128 or 127

Test sample[2] Start Invoking

Test sample[2] Start Finding Max Value

Test sample "F":
Predicted F (99%) - SUCCESS

Test sample[2] Start Reading

Test sample[2] Start Invoking

Test sample[2] Start Finding Max Value

Test sample "F":
Predicted F (97%) - SUCCESS

Test sample[2] Finsih


Test sample[3] Start Reading and round values to either -128 or 127

Test sample[3] Start Invoking

Test sample[3] Start Finding Max Value

Test sample "V":
Predicted V (89%) - SUCCESS

Test sample[3] Start Reading

Test sample[3] Start Invoking

Test sample[3] Start Finding Max Value

Test sample "V":
Predicted V (99%) - SUCCESS

Test sample[3] Finsih


Test sample[4] Start Reading and round values to either -128 or 127

Test sample[4] Start Invoking

Test sample[4] Start Finding Max Value

Test sample "E":
Predicted E (99%) - SUCCESS

Test sample[4] Start Reading

Test sample[4] Start Invoking

Test sample[4] Start Finding Max Value

Test sample "E":
Predicted E (95%) - SUCCESS

Test sample[4] Finsih


Test sample[5] Start Reading and round values to either -128 or 127

Test sample[5] Start Invoking

Test sample[5] Start Finding Max Value

Test sample "C":
Predicted U (39%) - FAIL

Test sample[5] Start Reading

Test sample[5] Start Invoking

Test sample[5] Start Finding Max Value

Test sample "C":
Predicted L (91%) - FAIL

Test sample[5] Finsih


Test sample[6] Start Reading and round values to either -128 or 127

Test sample[6] Start Invoking

Test sample[6] Start Finding Max Value

Test sample "W":
Predicted W (99%) - SUCCESS

Test sample[6] Start Reading

Test sample[6] Start Invoking

Test sample[6] Start Finding Max Value

Test sample "W":
Predicted W (76%) - SUCCESS

Test sample[6] Finsih


Test sample[7] Start Reading and round values to either -128 or 127

Test sample[7] Start Invoking

Test sample[7] Start Finding Max Value

Test sample "V":
Predicted V (79%) - SUCCESS

Test sample[7] Start Reading

Test sample[7] Start Invoking

Test sample[7] Start Finding Max Value

Test sample "V":
Predicted V (58%) - SUCCESS

Test sample[7] Finsih


Test sample[8] Start Reading and round values to either -128 or 127

Test sample[8] Start Invoking

Test sample[8] Start Finding Max Value

Test sample "L":
Predicted L (71%) - SUCCESS

Test sample[8] Start Reading

Test sample[8] Start Invoking

Test sample[8] Start Finding Max Value

Test sample "L":
Predicted L (67%) - SUCCESS

Test sample[8] Finsih


Test sample[9] Start Reading and round values to either -128 or 127

Test sample[9] Start Invoking

Test sample[9] Start Finding Max Value

Test sample "U":
Predicted U (99%) - SUCCESS

Test sample[9] Start Reading

Test sample[9] Start Invoking

Test sample[9] Start Finding Max Value

Test sample "U":
Predicted U (57%) - SUCCESS

Test sample[9] Finsih


Test sample[10] Start Reading and round values to either -128 or 127

Test sample[10] Start Invoking

Test sample[10] Start Finding Max Value

Test sample "F":
Predicted F (99%) - SUCCESS

Test sample[10] Start Reading

Test sample[10] Start Invoking

Test sample[10] Start Finding Max Value

Test sample "F":
Predicted F (96%) - SUCCESS

Test sample[10] Finsih


Test sample[11] Start Reading and round values to either -128 or 127

Test sample[11] Start Invoking

Test sample[11] Start Finding Max Value

Test sample "G":
Predicted G (89%) - SUCCESS

Test sample[11] Start Reading

Test sample[11] Start Invoking

Test sample[11] Start Finding Max Value

Test sample "G":
Predicted G (36%) - SUCCESS

Test sample[11] Finsih


Test sample[12] Start Reading and round values to either -128 or 127

Test sample[12] Start Invoking

Test sample[12] Start Finding Max Value

Test sample "B":
Predicted B (99%) - SUCCESS

Test sample[12] Start Reading

Test sample[12] Start Invoking

Test sample[12] Start Finding Max Value

Test sample "B":
Predicted B (99%) - SUCCESS

Test sample[12] Finsih


Test sample[13] Start Reading and round values to either -128 or 127

Test sample[13] Start Invoking

Test sample[13] Start Finding Max Value

Test sample "P":
Predicted P (85%) - SUCCESS

Test sample[13] Start Reading

Test sample[13] Start Invoking

Test sample[13] Start Finding Max Value

Test sample "P":
Predicted P (45%) - SUCCESS

Test sample[13] Finsih


Test sample[14] Start Reading and round values to either -128 or 127

Test sample[14] Start Invoking

Test sample[14] Start Finding Max Value

Test sample "E":
Predicted E (97%) - SUCCESS

Test sample[14] Start Reading

Test sample[14] Start Invoking

Test sample[14] Start Finding Max Value

Test sample "E":
Predicted C (90%) - FAIL

Test sample[14] Finsih


Test sample[15] Start Reading and round values to either -128 or 127

Test sample[15] Start Invoking

Test sample[15] Start Finding Max Value

Test sample "E":
Predicted E (99%) - SUCCESS

Test sample[15] Start Reading

Test sample[15] Start Invoking

Test sample[15] Start Finding Max Value

Test sample "E":
Predicted L (41%) - FAIL

Test sample[15] Finsih


Test sample[16] Start Reading and round values to either -128 or 127

Test sample[16] Start Invoking

Test sample[16] Start Finding Max Value

Test sample "U":
Predicted U (99%) - SUCCESS

Test sample[16] Start Reading

Test sample[16] Start Invoking

Test sample[16] Start Finding Max Value

Test sample "U":
Predicted U (77%) - SUCCESS

Test sample[16] Finsih


Test sample[17] Start Reading and round values to either -128 or 127

Test sample[17] Start Invoking

Test sample[17] Start Finding Max Value

Test sample "B":
Predicted B (99%) - SUCCESS

Test sample[17] Start Reading

Test sample[17] Start Invoking

Test sample[17] Start Finding Max Value

Test sample "B":
Predicted B (57%) - SUCCESS

Test sample[17] Finsih


Test sample[18] Start Reading and round values to either -128 or 127

Test sample[18] Start Invoking

Test sample[18] Start Finding Max Value

Test sample "P":
Predicted P (97%) - SUCCESS

Test sample[18] Start Reading

Test sample[18] Start Invoking

Test sample[18] Start Finding Max Value

Test sample "P":
Predicted P (66%) - SUCCESS

Test sample[18] Finsih


Test sample[19] Start Reading and round values to either -128 or 127

Test sample[19] Start Invoking

Test sample[19] Start Finding Max Value

Test sample "F":
Predicted F (97%) - SUCCESS

Test sample[19] Start Reading

Test sample[19] Start Invoking

Test sample[19] Start Finding Max Value

Test sample "F":
Predicted F (58%) - SUCCESS

Test sample[19] Finsih


Test sample[20] Start Reading and round values to either -128 or 127

Test sample[20] Start Invoking

Test sample[20] Start Finding Max Value

Test sample "C":
Predicted C (77%) - SUCCESS

Test sample[20] Start Reading

Test sample[20] Start Invoking

Test sample[20] Start Finding Max Value

Test sample "C":
Predicted C (44%) - SUCCESS

Test sample[20] Finsih


Test sample[21] Start Reading and round values to either -128 or 127

Test sample[21] Start Invoking

Test sample[21] Start Finding Max Value

Test sample "D":
Predicted D (99%) - SUCCESS

Test sample[21] Start Reading

Test sample[21] Start Invoking

Test sample[21] Start Finding Max Value

Test sample "D":
Predicted J (94%) - FAIL

Test sample[21] Finsih


Test sample[22] Start Reading and round values to either -128 or 127

Test sample[22] Start Invoking

Test sample[22] Start Finding Max Value

Test sample "X":
Predicted X (98%) - SUCCESS

Test sample[22] Start Reading

Test sample[22] Start Invoking

Test sample[22] Start Finding Max Value

Test sample "X":
Predicted L (55%) - FAIL

Test sample[22] Finsih


Test sample[23] Start Reading and round values to either -128 or 127

Test sample[23] Start Invoking

Test sample[23] Start Finding Max Value

Test sample "Y":
Predicted Y (99%) - SUCCESS

Test sample[23] Start Reading

Test sample[23] Start Invoking

Test sample[23] Start Finding Max Value

Test sample "Y":
Predicted Y (92%) - SUCCESS

Test sample[23] Finsih


Test sample[24] Start Reading and round values to either -128 or 127

Test sample[24] Start Invoking

Test sample[24] Start Finding Max Value

Test sample "U":
Predicted U (75%) - SUCCESS

Test sample[24] Start Reading

Test sample[24] Start Invoking

Test sample[24] Start Finding Max Value

Test sample "U":
Predicted V (50%) - FAIL

Test sample[24] Finsih


Test sample[0] Start Reading and round values to either -128 or 127

Test sample[0] Start Invoking

Test sample[0] Start Finding Max Value

Test sample "T":
Predicted T (95%) - SUCCESS

Test sample[0] Start Reading

Test sample[0] Start Invoking

Test sample[0] Start Finding Max Value

Test sample "T":
Predicted T (93%) - SUCCESS

Test sample[0] Finsih


Test sample[1] Start Reading and round values to either -128 or 127

Test sample[1] Start Invoking

Test sample[1] Start Finding Max Value

Test sample "R":
Predicted R (98%) - SUCCESS

Test sample[1] Start Reading

Test sample[1] Start Invoking

Test sample[1] Start Finding Max Value

Test sample "R":
Predicted R (29%) - SUCCESS

Test sample[1] Finsih


Test sample[2] Start Reading and round values to either -128 or 127

Test sample[2] Start Invoking

Test sample[2] Start Finding Max Value

Test sample "F":
Predicted F (99%) - SUCCESS

Test sample[2] Start Reading

Test sample[2] Start Invoking

Test sample[2] Start Finding Max Value

Test sample "F":
Predicted F (97%) - SUCCESS

Test sample[2] Finsih


Test sample[3] Start Reading and round values to either -128 or 127

Test sample[3] Start Invoking

Test sample[3] Start Finding Max Value

Test sample "V":
Predicted V (89%) - SUCCESS

Test sample[3] Start Reading

Test sample[3] Start Invoking

Test sample[3] Start Finding Max Value

Test sample "V":
Predicted V (99%) - SUCCESS

Test sample[3] Finsih


Test sample[4] Start Reading and round values to either -128 or 127

Test sample[4] Start Invoking

Test sample[4] Start Finding Max Value

Test sample "E":
Predicted E (99%) - SUCCESS

Test sample[4] Start Reading

Test sample[4] Start Invoking

Test sample[4] Start Finding Max Value

Test sample "E":
Predicted E (95%) - SUCCESS

Test sample[4] Finsih


Test sample[5] Start Reading and round values to either -128 or 127

Test sample[5] Start Invoking

Test sample[5] Start Finding Max Value

Test sample "C":
Predicted U (39%) - FAIL

Test sample[5] Start Reading

Test sample[5] Start Invoking

Test sample[5] Start Finding Max Value

Test sample "C":
Predicted L (91%) - FAIL

Test sample[5] Finsih


Test sample[6] Start Reading and round values to either -128 or 127

Test sample[6] Start Invoking

Test sample[6] Start Finding Max Value

Test sample "W":
Predicted W (99%) - SUCCESS

Test sample[6] Start Reading

Test sample[6] Start Invoking

Test sample[6] Start Finding Max Value

Test sample "W":
Predicted W (76%) - SUCCESS

Test sample[6] Finsih


Test sample[7] Start Reading and round values to either -128 or 127

Test sample[7] Start Invoking

Test sample[7] Start Finding Max Value

Test sample "V":
Predicted V (79%) - SUCCESS

Test sample[7] Start Reading

Test sample[7] Start Invoking

Test sample[7] Start Finding Max Value

Test sample "V":
Predicted V (58%) - SUCCESS

Test sample[7] Finsih


Test sample[8] Start Reading and round values to either -128 or 127

Test sample[8] Start Invoking

Test sample[8] Start Finding Max Value

Test sample "L":
Predicted L (71%) - SUCCESS

Test sample[8] Start Reading

Test sample[8] Start Invoking

Test sample[8] Start Finding Max Value

Test sample "L":
Predicted L (67%) - SUCCESS

Test sample[8] Finsih


Test sample[9] Start Reading and round values to either -128 or 127

Test sample[9] Start Invoking

Test sample[9] Start Finding Max Value

Test sample "U":
Predicted U (99%) - SUCCESS

Test sample[9] Start Reading

Test sample[9] Start Invoking

Test sample[9] Start Finding Max Value

Test sample "U":
Predicted U (57%) - SUCCESS

Test sample[9] Finsih


Test sample[10] Start Reading and round values to either -128 or 127

Test sample[10] Start Invoking

Test sample[10] Start Finding Max Value

Test sample "F":
Predicted F (99%) - SUCCESS

Test sample[10] Start Reading

Test sample[10] Start Invoking

Test sample[10] Start Finding Max Value

Test sample "F":
Predicted F (96%) - SUCCESS

Test sample[10] Finsih


Test sample[11] Start Reading and round values to either -128 or 127

Test sample[11] Start Invoking

Test sample[11] Start Finding Max Value

Test sample "G":
Predicted G (89%) - SUCCESS

Test sample[11] Start Reading

Test sample[11] Start Invoking

Test sample[11] Start Finding Max Value

Test sample "G":
Predicted G (36%) - SUCCESS

Test sample[11] Finsih


Test sample[12] Start Reading and round values to either -128 or 127

Test sample[12] Start Invoking

Test sample[12] Start Finding Max Value

Test sample "B":
Predicted B (99%) - SUCCESS

Test sample[12] Start Reading

Test sample[12] Start Invoking

Test sample[12] Start Finding Max Value

Test sample "B":
Predicted B (99%) - SUCCESS

Test sample[12] Finsih


Test sample[13] Start Reading and round values to either -128 or 127

Test sample[13] Start Invoking

Test sample[13] Start Finding Max Value

Test sample "P":
Predicted P (85%) - SUCCESS

Test sample[13] Start Reading

Test sample[13] Start Invoking

Test sample[13] Start Finding Max Value

Test sample "P":
Predicted P (45%) - SUCCESS

Test sample[13] Finsih


Test sample[14] Start Reading and round values to either -128 or 127

Test sample[14] Start Invoking

Test sample[14] Start Finding Max Value

Test sample "E":
Predicted E (97%) - SUCCESS

Test sample[14] Start Reading

Test sample[14] Start Invoking

Test sample[14] Start Finding Max Value

Test sample "E":
Predicted C (90%) - FAIL

Test sample[14] Finsih


Test sample[15] Start Reading and round values to either -128 or 127

Test sample[15] Start Invoking

Test sample[15] Start Finding Max Value

Test sample "E":
Predicted E (99%) - SUCCESS

Test sample[15] Start Reading

Test sample[15] Start Invoking

Test sample[15] Start Finding Max Value

Test sample "E":
Predicted L (41%) - FAIL

Test sample[15] Finsih


Test sample[16] Start Reading and round values to either -128 or 127

Test sample[16] Start Invoking

Test sample[16] Start Finding Max Value

Test sample "U":
Predicted U (99%) - SUCCESS

Test sample[16] Start Reading

Test sample[16] Start Invoking

Test sample[16] Start Finding Max Value

Test sample "U":
Predicted U (77%) - SUCCESS

Test sample[16] Finsih


Test sample[17] Start Reading and round values to either -128 or 127

Test sample[17] Start Invoking

Test sample[17] Start Finding Max Value

Test sample "B":
Predicted B (99%) - SUCCESS

Test sample[17] Start Reading

Test sample[17] Start Invoking

Test sample[17] Start Finding Max Value

Test sample "B":
Predicted B (57%) - SUCCESS

Test sample[17] Finsih


Test sample[18] Start Reading and round values to either -128 or 127

Test sample[18] Start Invoking

Test sample[18] Start Finding Max Value

Test sample "P":
Predicted P (97%) - SUCCESS

Test sample[18] Start Reading

Test sample[18] Start Invoking

Test sample[18] Start Finding Max Value

Test sample "P":
Predicted P (66%) - SUCCESS

Test sample[18] Finsih


Test sample[19] Start Reading and round values to either -128 or 127

Test sample[19] Start Invoking

Test sample[19] Start Finding Max Value

Test sample "F":
Predicted F (97%) - SUCCESS

Test sample[19] Start Reading

Test sample[19] Start Invoking

Test sample[19] Start Finding Max Value

Test sample "F":
Predicted F (58%) - SUCCESS

Test sample[19] Finsih


Test sample[20] Start Reading and round values to either -128 or 127

Test sample[20] Start Invoking

Test sample[20] Start Finding Max Value

Test sample "C":
Predicted C (77%) - SUCCESS

Test sample[20] Start Reading

Test sample[20] Start Invoking

Test sample[20] Start Finding Max Value

Test sample "C":
Predicted C (44%) - SUCCESS

Test sample[20] Finsih


Test sample[21] Start Reading and round values to either -128 or 127

Test sample[21] Start Invoking

Test sample[21] Start Finding Max Value

Test sample "D":
Predicted D (99%) - SUCCESS

Test sample[21] Start Reading

Test sample[21] Start Invoking

Test sample[21] Start Finding Max Value

Test sample "D":
Predicted J (94%) - FAIL

Test sample[21] Finsih


Test sample[22] Start Reading and round values to either -128 or 127

Test sample[22] Start Invoking

Test sample[22] Start Finding Max Value

Test sample "X":
Predicted X (98%) - SUCCESS

Test sample[22] Start Reading

Test sample[22] Start Invoking

Test sample[22] Start Finding Max Value

Test sample "X":
Predicted L (55%) - FAIL

Test sample[22] Finsih


Test sample[23] Start Reading and round values to either -128 or 127

Test sample[23] Start Invoking

Test sample[23] Start Finding Max Value

Test sample "Y":
Predicted Y (99%) - SUCCESS

Test sample[23] Start Reading

Test sample[23] Start Invoking

Test sample[23] Start Finding Max Value

Test sample "Y":
Predicted Y (92%) - SUCCESS

Test sample[23] Finsih


Test sample[24] Start Reading and round values to either -128 or 127

Test sample[24] Start Invoking

Test sample[24] Start Finding Max Value

Test sample "U":
Predicted U (75%) - SUCCESS

Test sample[24] Start Reading

Test sample[24] Start Invoking

Test sample[24] Start Finding Max Value

Test sample "U":
Predicted V (50%) - FAIL

Test sample[24] Finsih


Test sample[0] Start Reading and round values to either -128 or 127

Test sample[0] Start Invoking

Test sample[0] Start Finding Max Value

Test sample "T":
Predicted T (95%) - SUCCESS

Test sample[0] Start Reading

Test sample[0] Start Invoking

Test sample[0] Start Finding Max Value

Test sample "T":
Predicted T (93%) - SUCCESS

Test sample[0] Finsih


Test sample[1] Start Reading and round values to either -128 or 127

Test sample[1] Start Invoking

Test sample[1] Start Finding Max Value

Test sample "R":
Predicted R (98%) - SUCCESS

Test sample[1] Start Reading

Test sample[1] Start Invoking

Test sample[1] Start Finding Max Value

Test sample "R":
Predicted R (29%) - SUCCESS

Test sample[1] Finsih


Test sample[2] Start Reading and round values to either -128 or 127

Test sample[2] Start Invoking

Test sample[2] Start Finding Max Value

Test sample "F":
Predicted F (99%) - SUCCESS

Test sample[2] Start Reading

Test sample[2] Start Invoking

Test sample[2] Start Finding Max Value

Test sample "F":
Predicted F (97%) - SUCCESS

Test sample[2] Finsih


Test sample[3] Start Reading and round values to either -128 or 127

Test sample[3] Start Invoking

Test sample[3] Start Finding Max Value

Test sample "V":
Predicted V (89%) - SUCCESS

Test sample[3] Start Reading

Test sample[3] Start Invoking

Test sample[3] Start Finding Max Value

Test sample "V":
Predicted V (99%) - SUCCESS

Test sample[3] Finsih


Test sample[4] Start Reading and round values to either -128 or 127

Test sample[4] Start Invoking

Test sample[4] Start Finding Max Value

Test sample "E":
Predicted E (99%) - SUCCESS

Test sample[4] Start Reading

Test sample[4] Start Invoking

Test sample[4] Start Finding Max Value

Test sample "E":
Predicted E (95%) - SUCCESS

Test sample[4] Finsih


Test sample[5] Start Reading and round values to either -128 or 127

Test sample[5] Start Invoking

Test sample[5] Start Finding Max Value

Test sample "C":
Predicted U (39%) - FAIL

Test sample[5] Start Reading

Test sample[5] Start Invoking

Test sample[5] Start Finding Max Value

Test sample "C":
Predicted L (91%) - FAIL

Test sample[5] Finsih


Test sample[6] Start Reading and round values to either -128 or 127

Test sample[6] Start Invoking

Test sample[6] Start Finding Max Value

Test sample "W":
Predicted W (99%) - SUCCESS

Test sample[6] Start Reading

Test sample[6] Start Invoking

Test sample[6] Start Finding Max Value

Test sample "W":
Predicted W (76%) - SUCCESS

Test sample[6] Finsih


Test sample[7] Start Reading and round values to either -128 or 127

Test sample[7] Start Invoking

Test sample[7] Start Finding Max Value

Test sample "V":
Predicted V (79%) - SUCCESS

Test sample[7] Start Reading

Test sample[7] Start Invoking

Test sample[7] Start Finding Max Value

Test sample "V":
Predicted V (58%) - SUCCESS

Test sample[7] Finsih


Test sample[8] Start Reading and round values to either -128 or 127

Test sample[8] Start Invoking

Test sample[8] Start Finding Max Value

Test sample "L":
Predicted L (71%) - SUCCESS

Test sample[8] Start Reading

Test sample[8] Start Invoking

Test sample[8] Start Finding Max Value

Test sample "L":
Predicted L (67%) - SUCCESS

Test sample[8] Finsih


Test sample[9] Start Reading and round values to either -128 or 127

Test sample[9] Start Invoking

Test sample[9] Start Finding Max Value

Test sample "U":
Predicted U (99%) - SUCCESS

Test sample[9] Start Reading

Test sample[9] Start Invoking

Test sample[9] Start Finding Max Value

Test sample "U":
Predicted U (57%) - SUCCESS

Test sample[9] Finsih


Test sample[10] Start Reading and round values to either -128 or 127

Test sample[10] Start Invoking

Test sample[10] Start Finding Max Value

Test sample "F":
Predicted F (99%) - SUCCESS

Test sample[10] Start Reading

Test sample[10] Start Invoking

Test sample[10] Start Finding Max Value

Test sample "F":
Predicted F (96%) - SUCCESS

Test sample[10] Finsih


Test sample[11] Start Reading and round values to either -128 or 127

Test sample[11] Start Invoking

Test sample[11] Start Finding Max Value

Test sample "G":
Predicted G (89%) - SUCCESS

Test sample[11] Start Reading

Test sample[11] Start Invoking

Test sample[11] Start Finding Max Value

Test sample "G":
Predicted G (36%) - SUCCESS

Test sample[11] Finsih


Test sample[12] Start Reading and round values to either -128 or 127

Test sample[12] Start Invoking

Test sample[12] Start Finding Max Value

Test sample "B":
Predicted B (99%) - SUCCESS

Test sample[12] Start Reading

Test sample[12] Start Invoking

Test sample[12] Start Finding Max Value

Test sample "B":
Predicted B (99%) - SUCCESS

Test sample[12] Finsih


Test sample[13] Start Reading and round values to either -128 or 127

Test sample[13] Start Invoking

Test sample[13] Start Finding Max Value

Test sample "P":
Predicted P (85%) - SUCCESS

Test sample[13] Start Reading

Test sample[13] Start Invoking

Test sample[13] Start Finding Max Value

Test sample "P":
Predicted P (45%) - SUCCESS

Test sample[13] Finsih


Test sample[14] Start Reading and round values to either -128 or 127

Test sample[14] Start Invoking

Test sample[14] Start Finding Max Value

Test sample "E":
Predicted E (97%) - SUCCESS

Test sample[14] Start Reading

Test sample[14] Start Invoking

Test sample[14] Start Finding Max Value

Test sample "E":
Predicted C (90%) - FAIL

Test sample[14] Finsih


Test sample[15] Start Reading and round values to either -128 or 127

Test sample[15] Start Invoking

Test sample[15] Start Finding Max Value

Test sample "E":
Predicted E (99%) - SUCCESS

Test sample[15] Start Reading

Test sample[15] Start Invoking

Test sample[15] Start Finding Max Value

Test sample "E":
Predicted L (41%) - FAIL

Test sample[15] Finsih


Test sample[16] Start Reading and round values to either -128 or 127

Test sample[16] Start Invoking

Test sample[16] Start Finding Max Value

Test sample "U":
Predicted U (99%) - SUCCESS

Test sample[16] Start Reading

Test sample[16] Start Invoking

Test sample[16] Start Finding Max Value

Test sample "U":
Predicted U (77%) - SUCCESS

Test sample[16] Finsih


Test sample[17] Start Reading and round values to either -128 or 127

Test sample[17] Start Invoking

Test sample[17] Start Finding Max Value

Test sample "B":
Predicted B (99%) - SUCCESS

Test sample[17] Start Reading

Test sample[17] Start Invoking

Test sample[17] Start Finding Max Value

Test sample "B":
Predicted B (57%) - SUCCESS

Test sample[17] Finsih


Test sample[18] Start Reading and round values to either -128 or 127

Test sample[18] Start Invoking

Test sample[18] Start Finding Max Value

Test sample "P":
Predicted P (97%) - SUCCESS

Test sample[18] Start Reading

Test sample[18] Start Invoking

Test sample[18] Start Finding Max Value

Test sample "P":
Predicted P (66%) - SUCCESS

Test sample[18] Finsih


Test sample[19] Start Reading and round values to either -128 or 127

Test sample[19] Start Invoking

Test sample[19] Start Finding Max Value

Test sample "F":
Predicted F (97%) - SUCCESS

Test sample[19] Start Reading

Test sample[19] Start Invoking

Test sample[19] Start Finding Max Value

Test sample "F":
Predicted F (58%) - SUCCESS

Test sample[19] Finsih


Test sample[20] Start Reading and round values to either -128 or 127

Test sample[20] Start Invoking

Test sample[20] Start Finding Max Value

Test sample "C":
Predicted C (77%) - SUCCESS

Test sample[20] Start Reading

Test sample[20] Start Invoking

Test sample[20] Start Finding Max Value

Test sample "C":
Predicted C (44%) - SUCCESS

Test sample[20] Finsih


Test sample[21] Start Reading and round values to either -128 or 127

Test sample[21] Start Invoking

Test sample[21] Start Finding Max Value

Test sample "D":
Predicted D (99%) - SUCCESS

Test sample[21] Start Reading

Test sample[21] Start Invoking

Test sample[21] Start Finding Max Value

Test sample "D":
Predicted J (94%) - FAIL

Test sample[21] Finsih


Test sample[22] Start Reading and round values to either -128 or 127

Test sample[22] Start Invoking

Test sample[22] Start Finding Max Value

Test sample "X":
Predicted X (98%) - SUCCESS

Test sample[22] Start Reading

Test sample[22] Start Invoking

Test sample[22] Start Finding Max Value

Test sample "X":
Predicted L (55%) - FAIL

Test sample[22] Finsih


Test sample[23] Start Reading and round values to either -128 or 127

Test sample[23] Start Invoking

Test sample[23] Start Finding Max Value

Test sample "Y":
Predicted Y (99%) - SUCCESS

Test sample[23] Start Reading

Test sample[23] Start Invoking

Test sample[23] Start Finding Max Value

Test sample "Y":
Predicted Y (92%) - SUCCESS

Test sample[23] Finsih


Test sample[24] Start Reading and round values to either -128 or 127

Test sample[24] Start Invoking

Test sample[24] Start Finding Max Value

Test sample "U":
Predicted U (75%) - SUCCESS

Test sample[24] Start Reading

Test sample[24] Start Invoking

Test sample[24] Start Finding Max Value

Test sample "U":
Predicted V (50%) - FAIL

Test sample[24] Finsih


Test sample[0] Start Reading and round values to either -128 or 127

Test sample[0] Start Invoking

Test sample[0] Start Finding Max Value

Test sample "T":
Predicted T (95%) - SUCCESS

Test sample[0] Start Reading

Test sample[0] Start Invoking

Test sample[0] Start Finding Max Value

Test sample "T":
Predicted T (93%) - SUCCESS

Test sample[0] Finsih


Test sample[1] Start Reading and round values to either -128 or 127

Test sample[1] Start Invoking

Test sample[1] Start Finding Max Value

Test sample "R":
Predicted R (98%) - SUCCESS

Test sample[1] Start Reading

Test sample[1] Start Invoking

Test sample[1] Start Finding Max Value

Test sample "R":
Predicted R (29%) - SUCCESS

Test sample[1] Finsih


Test sample[2] Start Reading and round values to either -128 or 127

Test sample[2] Start Invoking

Test sample[2] Start Finding Max Value

Test sample "F":
Predicted F (99%) - SUCCESS

Test sample[2] Start Reading

Test sample[2] Start Invoking

Test sample[2] Start Finding Max Value

Test sample "F":
Predicted F (97%) - SUCCESS

Test sample[2] Finsih


Test sample[3] Start Reading and round values to either -128 or 127

Test sample[3] Start Invoking

Test sample[3] Start Finding Max Value

Test sample "V":
Predicted V (89%) - SUCCESS

Test sample[3] Start Reading

Test sample[3] Start Invoking

Test sample[3] Start Finding Max Value

Test sample "V":
Predicted V (99%) - SUCCESS

Test sample[3] Finsih


Test sample[4] Start Reading and round values to either -128 or 127

Test sample[4] Start Invoking

Test sample[4] Start Finding Max Value

Test sample "E":
Predicted E (99%) - SUCCESS

Test sample[4] Start Reading

Test sample[4] Start Invoking

Test sample[4] Start Finding Max Value

Test sample "E":
Predicted E (95%) - SUCCESS

Test sample[4] Finsih


Test sample[5] Start Reading and round values to either -128 or 127

Test sample[5] Start Invoking

Test sample[5] Start Finding Max Value

Test sample "C":
Predicted U (39%) - FAIL

Test sample[5] Start Reading

Test sample[5] Start Invoking

Test sample[5] Start Finding Max Value

Test sample "C":
Predicted L (91%) - FAIL

Test sample[5] Finsih


Test sample[6] Start Reading and round values to either -128 or 127

Test sample[6] Start Invoking

Test sample[6] Start Finding Max Value

Test sample "W":
Predicted W (99%) - SUCCESS

Test sample[6] Start Reading

Test sample[6] Start Invoking

Test sample[6] Start Finding Max Value

Test sample "W":
Predicted W (76%) - SUCCESS

Test sample[6] Finsih


Test sample[7] Start Reading and round values to either -128 or 127

Test sample[7] Start Invoking

Test sample[7] Start Finding Max Value

Test sample "V":
Predicted V (79%) - SUCCESS

Test sample[7] Start Reading

Test sample[7] Start Invoking

Test sample[7] Start Finding Max Value

Test sample "V":
Predicted V (58%) - SUCCESS

Test sample[7] Finsih


Test sample[8] Start Reading and round values to either -128 or 127

Test sample[8] Start Invoking

Test sample[8] Start Finding Max Value

Test sample "L":
Predicted L (71%) - SUCCESS

Test sample[8] Start Reading

Test sample[8] Start Invoking

Test sample[8] Start Finding Max Value

Test sample "L":
Predicted L (67%) - SUCCESS

Test sample[8] Finsih


Test sample[9] Start Reading and round values to either -128 or 127

Test sample[9] Start Invoking

Test sample[9] Start Finding Max Value

Test sample "U":
Predicted U (99%) - SUCCESS

Test sample[9] Start Reading

Test sample[9] Start Invoking

Test sample[9] Start Finding Max Value

Test sample "U":
Predicted U (57%) - SUCCESS

Test sample[9] Finsih


Test sample[10] Start Reading and round values to either -128 or 127

Test sample[10] Start Invoking

Test sample[10] Start Finding Max Value

Test sample "F":
Predicted F (99%) - SUCCESS

Test sample[10] Start Reading

Test sample[10] Start Invoking

Test sample[10] Start Finding Max Value

Test sample "F":
Predicted F (96%) - SUCCESS

Test sample[10] Finsih


Test sample[11] Start Reading and round values to either -128 or 127

Test sample[11] Start Invoking

Test sample[11] Start Finding Max Value

Test sample "G":
Predicted G (89%) - SUCCESS

Test sample[11] Start Reading

Test sample[11] Start Invoking

Test sample[11] Start Finding Max Value

Test sample "G":
Predicted G (36%) - SUCCESS

Test sample[11] Finsih


Test sample[12] Start Reading and round values to either -128 or 127

Test sample[12] Start Invoking

Test sample[12] Start Finding Max Value

Test sample "B":
Predicted B (99%) - SUCCESS

Test sample[12] Start Reading

Test sample[12] Start Invoking

Test sample[12] Start Finding Max Value

Test sample "B":
Predicted B (99%) - SUCCESS

Test sample[12] Finsih


Test sample[13] Start Reading and round values to either -128 or 127

Test sample[13] Start Invoking

Test sample[13] Start Finding Max Value

Test sample "P":
Predicted P (85%) - SUCCESS

Test sample[13] Start Reading

Test sample[13] Start Invoking

Test sample[13] Start Finding Max Value

Test sample "P":
Predicted P (45%) - SUCCESS

Test sample[13] Finsih


Test sample[14] Start Reading and round values to either -128 or 127

Test sample[14] Start Invoking

Test sample[14] Start Finding Max Value

Test sample "E":
Predicted E (97%) - SUCCESS

Test sample[14] Start Reading

Test sample[14] Start Invoking

Test sample[14] Start Finding Max Value

Test sample "E":
Predicted C (90%) - FAIL

Test sample[14] Finsih


Test sample[15] Start Reading and round values to either -128 or 127

Test sample[15] Start Invoking

Test sample[15] Start Finding Max Value

Test sample "E":
Predicted E (99%) - SUCCESS

Test sample[15] Start Reading

Test sample[15] Start Invoking

Test sample[15] Start Finding Max Value

Test sample "E":
Predicted L (41%) - FAIL

Test sample[15] Finsih


Test sample[16] Start Reading and round values to either -128 or 127

Test sample[16] Start Invoking

Test sample[16] Start Finding Max Value

Test sample "U":
Predicted U (99%) - SUCCESS

Test sample[16] Start Reading

Test sample[16] Start Invoking

Test sample[16] Start Finding Max Value

Test sample "U":
Predicted U (77%) - SUCCESS

Test sample[16] Finsih


Test sample[17] Start Reading and round values to either -128 or 127

Test sample[17] Start Invoking

Test sample[17] Start Finding Max Value

Test sample "B":
Predicted B (99%) - SUCCESS

Test sample[17] Start Reading

Test sample[17] Start Invoking

Test sample[17] Start Finding Max Value

Test sample "B":
Predicted B (57%) - SUCCESS

Test sample[17] Finsih


Test sample[18] Start Reading and round values to either -128 or 127

Test sample[18] Start Invoking

Test sample[18] Start Finding Max Value

Test sample "P":
Predicted P (97%) - SUCCESS

Test sample[18] Start Reading

Test sample[18] Start Invoking

Test sample[18] Start Finding Max Value

Test sample "P":
Predicted P (66%) - SUCCESS

Test sample[18] Finsih


Test sample[19] Start Reading and round values to either -128 or 127

Test sample[19] Start Invoking

Test sample[19] Start Finding Max Value

Test sample "F":
Predicted F (97%) - SUCCESS

Test sample[19] Start Reading

Test sample[19] Start Invoking

Test sample[19] Start Finding Max Value

Test sample "F":
Predicted F (58%) - SUCCESS

Test sample[19] Finsih


Test sample[20] Start Reading and round values to either -128 or 127

Test sample[20] Start Invoking

Test sample[20] Start Finding Max Value

Test sample "C":
Predicted C (77%) - SUCCESS

Test sample[20] Start Reading

Test sample[20] Start Invoking

Test sample[20] Start Finding Max Value

Test sample "C":
Predicted C (44%) - SUCCESS

Test sample[20] Finsih


Test sample[21] Start Reading and round values to either -128 or 127

Test sample[21] Start Invoking

Test sample[21] Start Finding Max Value

Test sample "D":
Predicted D (99%) - SUCCESS

Test sample[21] Start Reading

Test sample[21] Start Invoking

Test sample[21] Start Finding Max Value

Test sample "D":
Predicted J (94%) - FAIL

Test sample[21] Finsih


Test sample[22] Start Reading and round values to either -128 or 127

Test sample[22] Start Invoking

Test sample[22] Start Finding Max Value

Test sample "X":
Predicted X (98%) - SUCCESS

Test sample[22] Start Reading

Test sample[22] Start Invoking

Test sample[22] Start Finding Max Value

Test sample "X":
Predicted L (55%) - FAIL

Test sample[22] Finsih


Test sample[23] Start Reading and round values to either -128 or 127

Test sample[23] Start Invoking

Test sample[23] Start Finding Max Value

Test sample "Y":
Predicted Y (99%) - SUCCESS

Test sample[23] Start Reading

Test sample[23] Start Invoking

Test sample[23] Start Finding Max Value

Test sample "Y":
Predicted Y (92%) - SUCCESS

Test sample[23] Finsih


Test sample[24] Start Reading and round values to either -128 or 127

Test sample[24] Start Invoking

Test sample[24] Start Finding Max Value

Test sample "U":
Predicted U (75%) - SUCCESS

Test sample[24] Start Reading

Test sample[24] Start Invoking

Test sample[24] Start Finding Max Value

Test sample "U":
Predicted V (50%) - FAIL

Test sample[24] Finsih


Test sample[0] Start Reading and round values to either -128 or 127

Test sample[0] Start Invoking

Test sample[0] Start Finding Max Value

Test sample "T":
Predicted T (95%) - SUCCESS

Test sample[0] Start Reading

Test sample[0] Start Invoking

Test sample[0] Start Finding Max Value

Test sample "T":
Predicted T (93%) - SUCCESS

Test sample[0] Finsih


Test sample[1] Start Reading and round values to either -128 or 127

Test sample[1] Start Invoking

Test sample[1] Start Finding Max Value

Test sample "R":
Predicted R (98%) - SUCCESS

Test sample[1] Start Reading

Test sample[1] Start Invoking

Test sample[1] Start Finding Max Value

Test sample "R":
Predicted R (29%) - SUCCESS

Test sample[1] Finsih


Test sample[2] Start Reading and round values to either -128 or 127

Test sample[2] Start Invoking

Test sample[2] Start Finding Max Value

Test sample "F":
Predicted F (99%) - SUCCESS

Test sample[2] Start Reading

Test sample[2] Start Invoking

Test sample[2] Start Finding Max Value

Test sample "F":
Predicted F (97%) - SUCCESS

Test sample[2] Finsih


Test sample[3] Start Reading and round values to either -128 or 127

Test sample[3] Start Invoking

Test sample[3] Start Finding Max Value

Test sample "V":
Predicted V (89%) - SUCCESS

Test sample[3] Start Reading

Test sample[3] Start Invoking

Test sample[3] Start Finding Max Value

Test sample "V":
Predicted V (99%) - SUCCESS

Test sample[3] Finsih


Test sample[4] Start Reading and round values to either -128 or 127

Test sample[4] Start Invoking

Test sample[4] Start Finding Max Value

Test sample "E":
Predicted E (99%) - SUCCESS

Test sample[4] Start Reading

Test sample[4] Start Invoking

Test sample[4] Start Finding Max Value

Test sample "E":
Predicted E (95%) - SUCCESS

Test sample[4] Finsih


Test sample[5] Start Reading and round values to either -128 or 127

Test sample[5] Start Invoking

Test sample[5] Start Finding Max Value

Test sample "C":
Predicted U (39%) - FAIL

Test sample[5] Start Reading

Test sample[5] Start Invoking

Test sample[5] Start Finding Max Value

Test sample "C":
Predicted L (91%) - FAIL

Test sample[5] Finsih


Test sample[6] Start Reading and round values to either -128 or 127

Test sample[6] Start Invoking

Test sample[6] Start Finding Max Value

Test sample "W":
Predicted W (99%) - SUCCESS

Test sample[6] Start Reading

Test sample[6] Start Invoking

Test sample[6] Start Finding Max Value

Test sample "W":
Predicted W (76%) - SUCCESS

Test sample[6] Finsih


Test sample[7] Start Reading and round values to either -128 or 127

Test sample[7] Start Invoking

Test sample[7] Start Finding Max Value

Test sample "V":
Predicted V (79%) - SUCCESS

Test sample[7] Start Reading

Test sample[7] Start Invoking

Test sample[7] Start Finding Max Value

Test sample "V":
Predicted V (58%) - SUCCESS

Test sample[7] Finsih


Test sample[8] Start Reading and round values to either -128 or 127

Test sample[8] Start Invoking

Test sample[8] Start Finding Max Value

Test sample "L":
Predicted L (71%) - SUCCESS

Test sample[8] Start Reading

Test sample[8] Start Invoking

Test sample[8] Start Finding Max Value

Test sample "L":
Predicted L (67%) - SUCCESS

Test sample[8] Finsih


Test sample[9] Start Reading and round values to either -128 or 127

Test sample[9] Start Invoking

Test sample[9] Start Finding Max Value

Test sample "U":
Predicted U (99%) - SUCCESS

Test sample[9] Start Reading

Test sample[9] Start Invoking

Test sample[9] Start Finding Max Value

Test sample "U":
Predicted U (57%) - SUCCESS

Test sample[9] Finsih


Test sample[10] Start Reading and round values to either -128 or 127

Test sample[10] Start Invoking

Test sample[10] Start Finding Max Value

Test sample "F":
Predicted F (99%) - SUCCESS

Test sample[10] Start Reading

Test sample[10] Start Invoking

Test sample[10] Start Finding Max Value

Test sample "F":
Predicted F (96%) - SUCCESS

Test sample[10] Finsih


Test sample[11] Start Reading and round values to either -128 or 127

Test sample[11] Start Invoking

Test sample[11] Start Finding Max Value

Test sample "G":
Predicted G (89%) - SUCCESS

Test sample[11] Start Reading

Test sample[11] Start Invoking

Test sample[11] Start Finding Max Value

Test sample "G":
Predicted G (36%) - SUCCESS

Test sample[11] Finsih


Test sample[12] Start Reading and round values to either -128 or 127

Test sample[12] Start Invoking

Test sample[12] Start Finding Max Value

Test sample "B":
Predicted B (99%) - SUCCESS

Test sample[12] Start Reading

Test sample[12] Start Invoking

Test sample[12] Start Finding Max Value

Test sample "B":
Predicted B (99%) - SUCCESS

Test sample[12] Finsih


Test sample[13] Start Reading and round values to either -128 or 127

Test sample[13] Start Invoking

Test sample[13] Start Finding Max Value

Test sample "P":
Predicted P (85%) - SUCCESS

Test sample[13] Start Reading

Test sample[13] Start Invoking

Test sample[13] Start Finding Max Value

Test sample "P":
Predicted P (45%) - SUCCESS

Test sample[13] Finsih


Test sample[14] Start Reading and round values to either -128 or 127

Test sample[14] Start Invoking

Test sample[14] Start Finding Max Value

Test sample "E":
Predicted E (97%) - SUCCESS

Test sample[14] Start Reading

Test sample[14] Start Invoking

Test sample[14] Start Finding Max Value

Test sample "E":
Predicted C (90%) - FAIL

Test sample[14] Finsih


Test sample[15] Start Reading and round values to either -128 or 127

Test sample[15] Start Invoking

Test sample[15] Start Finding Max Value

Test sample "E":
Predicted E (99%) - SUCCESS

Test sample[15] Start Reading

Test sample[15] Start Invoking

Test sample[15] Start Finding Max Value

Test sample "E":
Predicted L (41%) - FAIL

Test sample[15] Finsih


Test sample[16] Start Reading and round values to either -128 or 127

Test sample[16] Start Invoking

Test sample[16] Start Finding Max Value

Test sample "U":
Predicted U (99%) - SUCCESS

Test sample[16] Start Reading

Test sample[16] Start Invoking

Test sample[16] Start Finding Max Value

Test sample "U":
Predicted U (77%) - SUCCESS

Test sample[16] Finsih


Test sample[17] Start Reading and round values to either -128 or 127

Test sample[17] Start Invoking

Test sample[17] Start Finding Max Value

Test sample "B":
Predicted B (99%) - SUCCESS

Test sample[17] Start Reading

Test sample[17] Start Invoking

Test sample[17] Start Finding Max Value

Test sample "B":
Predicted B (57%) - SUCCESS

Test sample[17] Finsih


Test sample[18] Start Reading and round values to either -128 or 127

Test sample[18] Start Invoking

Test sample[18] Start Finding Max Value

Test sample "P":
Predicted P (97%) - SUCCESS

Test sample[18] Start Reading

Test sample[18] Start Invoking

Test sample[18] Start Finding Max Value

Test sample "P":
Predicted P (66%) - SUCCESS

Test sample[18] Finsih


Test sample[19] Start Reading and round values to either -128 or 127

Test sample[19] Start Invoking

Test sample[19] Start Finding Max Value

Test sample "F":
Predicted F (97%) - SUCCESS

Test sample[19] Start Reading

Test sample[19] Start Invoking

Test sample[19] Start Finding Max Value

Test sample "F":
Predicted F (58%) - SUCCESS

Test sample[19] Finsih


Test sample[20] Start Reading and round values to either -128 or 127

Test sample[20] Start Invoking

Test sample[20] Start Finding Max Value

Test sample "C":
Predicted C (77%) - SUCCESS

Test sample[20] Start Reading

Test sample[20] Start Invoking

Test sample[20] Start Finding Max Value

Test sample "C":
Predicted C (44%) - SUCCESS

Test sample[20] Finsih


Test sample[21] Start Reading and round values to either -128 or 127

Test sample[21] Start Invoking

Test sample[21] Start Finding Max Value

Test sample "D":
Predicted D (99%) - SUCCESS

Test sample[21] Start Reading

Test sample[21] Start Invoking

Test sample[21] Start Finding Max Value

Test sample "D":
Predicted J (94%) - FAIL

Test sample[21] Finsih


Test sample[22] Start Reading and round values to either -128 or 127

Test sample[22] Start Invoking

Test sample[22] Start Finding Max Value

Test sample "X":
Predicted X (98%) - SUCCESS

Test sample[22] Start Reading

Test sample[22] Start Invoking

Test sample[22] Start Finding Max Value

Test sample "X":
Predicted L (55%) - FAIL

Test sample[22] Finsih


Test sample[23] Start Reading and round values to either -128 or 127

Test sample[23] Start Invoking

Test sample[23] Start Finding Max Value

Test sample "Y":
Predicted Y (99%) - SUCCESS

Test sample[23] Start Reading

Test sample[23] Start Invoking

Test sample[23] Start Finding Max Value

Test sample "Y":
Predicted Y (92%) - SUCCESS

Test sample[23] Finsih


Test sample[24] Start Reading and round values to either -128 or 127

Test sample[24] Start Invoking

Test sample[24] Start Finding Max Value

Test sample "U":
Predicted U (75%) - SUCCESS

Test sample[24] Start Reading

Test sample[24] Start Invoking

Test sample[24] Start Finding Max Value

Test sample "U":
Predicted V (50%) - FAIL

Test sample[24] Finsih


Test sample[0] Start Reading and round values to either -128 or 127

Test sample[0] Start Invoking

Test sample[0] Start Finding Max Value

Test sample "T":
Predicted T (95%) - SUCCESS

Test sample[0] Start Reading

Test sample[0] Start Invoking

Test sample[0] Start Finding Max Value

Test sample "T":
Predicted T (93%) - SUCCESS

Test sample[0] Finsih


Test sample[1] Start Reading and round values to either -128 or 127

Test sample[1] Start Invoking

Test sample[1] Start Finding Max Value

Test sample "R":
Predicted R (98%) - SUCCESS

Test sample[1] Start Reading

Test sample[1] Start Invoking

Test sample[1] Start Finding Max Value

Test sample "R":
Predicted R (29%) - SUCCESS

Test sample[1] Finsih


Test sample[2] Start Reading and round values to either -128 or 127

Test sample[2] Start Invoking

Test sample[2] Start Finding Max Value

Test sample "F":
Predicted F (99%) - SUCCESS

Test sample[2] Start Reading

Test sample[2] Start Invoking

Test sample[2] Start Finding Max Value

Test sample "F":
Predicted F (97%) - SUCCESS

Test sample[2] Finsih


Test sample[3] Start Reading and round values to either -128 or 127

Test sample[3] Start Invoking

Test sample[3] Start Finding Max Value

Test sample "V":
Predicted V (89%) - SUCCESS

Test sample[3] Start Reading

Test sample[3] Start Invoking

Test sample[3] Start Finding Max Value

Test sample "V":
Predicted V (99%) - SUCCESS

Test sample[3] Finsih


Test sample[4] Start Reading and round values to either -128 or 127

Test sample[4] Start Invoking

Test sample[4] Start Finding Max Value

Test sample "E":
Predicted E (99%) - SUCCESS

Test sample[4] Start Reading

Test sample[4] Start Invoking

Test sample[4] Start Finding Max Value

Test sample "E":
Predicted E (95%) - SUCCESS

Test sample[4] Finsih


Test sample[5] Start Reading and round values to either -128 or 127

Test sample[5] Start Invoking

Test sample[5] Start Finding Max Value

Test sample "C":
Predicted U (39%) - FAIL

Test sample[5] Start Reading

Test sample[5] Start Invoking

Test sample[5] Start Finding Max Value

Test sample "C":
Predicted L (91%) - FAIL

Test sample[5] Finsih


Test sample[6] Start Reading and round values to either -128 or 127

Test sample[6] Start Invoking

Test sample[6] Start Finding Max Value

Test sample "W":
Predicted W (99%) - SUCCESS

Test sample[6] Start Reading

Test sample[6] Start Invoking

Test sample[6] Start Finding Max Value

Test sample "W":
Predicted W (76%) - SUCCESS

Test sample[6] Finsih


Test sample[7] Start Reading and round values to either -128 or 127

Test sample[7] Start Invoking

Test sample[7] Start Finding Max Value

Test sample "V":
Predicted V (79%) - SUCCESS

Test sample[7] Start Reading

Test sample[7] Start Invoking

Test sample[7] Start Finding Max Value

Test sample "V":
Predicted V (58%) - SUCCESS

Test sample[7] Finsih


Test sample[8] Start Reading and round values to either -128 or 127

Test sample[8] Start Invoking

Test sample[8] Start Finding Max Value

Test sample "L":
Predicted L (71%) - SUCCESS

Test sample[8] Start Reading

Test sample[8] Start Invoking

Test sample[8] Start Finding Max Value

Test sample "L":
Predicted L (67%) - SUCCESS

Test sample[8] Finsih


Test sample[9] Start Reading and round values to either -128 or 127

Test sample[9] Start Invoking

Test sample[9] Start Finding Max Value

Test sample "U":
Predicted U (99%) - SUCCESS

Test sample[9] Start Reading

Test sample[9] Start Invoking

Test sample[9] Start Finding Max Value

Test sample "U":
Predicted U (57%) - SUCCESS

Test sample[9] Finsih


Test sample[10] Start Reading and round values to either -128 or 127

Test sample[10] Start Invoking

Test sample[10] Start Finding Max Value

Test sample "F":
Predicted F (99%) - SUCCESS

Test sample[10] Start Reading

Test sample[10] Start Invoking

Test sample[10] Start Finding Max Value

Test sample "F":
Predicted F (96%) - SUCCESS

Test sample[10] Finsih


Test sample[11] Start Reading and round values to either -128 or 127

Test sample[11] Start Invoking

Test sample[11] Start Finding Max Value

Test sample "G":
Predicted G (89%) - SUCCESS

Test sample[11] Start Reading

Test sample[11] Start Invoking

Test sample[11] Start Finding Max Value

Test sample "G":
Predicted G (36%) - SUCCESS

Test sample[11] Finsih


Test sample[12] Start Reading and round values to either -128 or 127

Test sample[12] Start Invoking

Test sample[12] Start Finding Max Value

Test sample "B":
Predicted B (99%) - SUCCESS

Test sample[12] Start Reading

Test sample[12] Start Invoking

Test sample[12] Start Finding Max Value

Test sample "B":
Predicted B (99%) - SUCCESS

Test sample[12] Finsih


Test sample[13] Start Reading and round values to either -128 or 127

Test sample[13] Start Invoking

Test sample[13] Start Finding Max Value

Test sample "P":
Predicted P (85%) - SUCCESS

Test sample[13] Start Reading

Test sample[13] Start Invoking

Test sample[13] Start Finding Max Value

Test sample "P":
Predicted P (45%) - SUCCESS

Test sample[13] Finsih


Test sample[14] Start Reading and round values to either -128 or 127

Test sample[14] Start Invoking

Test sample[14] Start Finding Max Value

Test sample "E":
Predicted E (97%) - SUCCESS

Test sample[14] Start Reading

Test sample[14] Start Invoking

Test sample[14] Start Finding Max Value

Test sample "E":
Predicted C (90%) - FAIL

Test sample[14] Finsih


Test sample[15] Start Reading and round values to either -128 or 127

Test sample[15] Start Invoking

Test sample[15] Start Finding Max Value

Test sample "E":
Predicted E (99%) - SUCCESS

Test sample[15] Start Reading

Test sample[15] Start Invoking

Test sample[15] Start Finding Max Value

Test sample "E":
Predicted L (41%) - FAIL

Test sample[15] Finsih


Test sample[16] Start Reading and round values to either -128 or 127

Test sample[16] Start Invoking

Test sample[16] Start Finding Max Value

Test sample "U":
Predicted U (99%) - SUCCESS

Test sample[16] Start Reading

Test sample[16] Start Invoking

Test sample[16] Start Finding Max Value

Test sample "U":
Predicted U (77%) - SUCCESS

Test sample[16] Finsih


Test sample[17] Start Reading and round values to either -128 or 127

Test sample[17] Start Invoking

Test sample[17] Start Finding Max Value

Test sample "B":
Predicted B (99%) - SUCCESS

Test sample[17] Start Reading

Test sample[17] Start Invoking

Test sample[17] Start Finding Max Value

Test sample "B":
Predicted B (57%) - SUCCESS

Test sample[17] Finsih


Test sample[18] Start Reading and round values to either -128 or 127

Test sample[18] Start Invoking

Test sample[18] Start Finding Max Value

Test sample "P":
Predicted P (97%) - SUCCESS

Test sample[18] Start Reading

Test sample[18] Start Invoking

Test sample[18] Start Finding Max Value

Test sample "P":
Predicted P (66%) - SUCCESS

Test sample[18] Finsih


Test sample[19] Start Reading and round values to either -128 or 127

Test sample[19] Start Invoking

Test sample[19] Start Finding Max Value

Test sample "F":
Predicted F (97%) - SUCCESS

Test sample[19] Start Reading

Test sample[19] Start Invoking

Test sample[19] Start Finding Max Value

Test sample "F":
Predicted F (58%) - SUCCESS

Test sample[19] Finsih


Test sample[20] Start Reading and round values to either -128 or 127

Test sample[20] Start Invoking

Test sample[20] Start Finding Max Value

Test sample "C":
Predicted C (77%) - SUCCESS

Test sample[20] Start Reading

Test sample[20] Start Invoking

Test sample[20] Start Finding Max Value

Test sample "C":
Predicted C (44%) - SUCCESS

Test sample[20] Finsih


Test sample[21] Start Reading and round values to either -128 or 127

Test sample[21] Start Invoking

Test sample[21] Start Finding Max Value

Test sample "D":
Predicted D (99%) - SUCCESS

Test sample[21] Start Reading

Test sample[21] Start Invoking

Test sample[21] Start Finding Max Value

Test sample "D":
Predicted J (94%) - FAIL

Test sample[21] Finsih


Test sample[22] Start Reading and round values to either -128 or 127

Test sample[22] Start Invoking

Test sample[22] Start Finding Max Value

Test sample "X":
Predicted X (98%) - SUCCESS

Test sample[22] Start Reading

Test sample[22] Start Invoking

Test sample[22] Start Finding Max Value

Test sample "X":
Predicted L (55%) - FAIL

Test sample[22] Finsih


Test sample[23] Start Reading and round values to either -128 or 127

Test sample[23] Start Invoking

Test sample[23] Start Finding Max Value

Test sample "Y":
Predicted Y (99%) - SUCCESS

Test sample[23] Start Reading

Test sample[23] Start Invoking

Test sample[23] Start Finding Max Value

Test sample "Y":
Predicted Y (92%) - SUCCESS

Test sample[23] Finsih


Test sample[24] Start Reading and round values to either -128 or 127

Test sample[24] Start Invoking

Test sample[24] Start Finding Max Value

Test sample "U":
Predicted U (75%) - SUCCESS

Test sample[24] Start Reading

Test sample[24] Start Invoking

Test sample[24] Start Finding Max Value

Test sample "U":
Predicted V (50%) - FAIL

Test sample[24] Finsih


Test sample[0] Start Reading and round values to either -128 or 127

Test sample[0] Start Invoking

Test sample[0] Start Finding Max Value

Test sample "T":
Predicted T (95%) - SUCCESS

Test sample[0] Start Reading

Test sample[0] Start Invoking

Test sample[0] Start Finding Max Value

Test sample "T":
Predicted T (93%) - SUCCESS

Test sample[0] Finsih


Test sample[1] Start Reading and round values to either -128 or 127

Test sample[1] Start Invoking

Test sample[1] Start Finding Max Value

Test sample "R":
Predicted R (98%) - SUCCESS

Test sample[1] Start Reading

Test sample[1] Start Invoking

Test sample[1] Start Finding Max Value

Test sample "R":
Predicted R (29%) - SUCCESS

Test sample[1] Finsih


Test sample[2] Start Reading and round values to either -128 or 127

Test sample[2] Start Invoking

Test sample[2] Start Finding Max Value

Test sample "F":
Predicted F (99%) - SUCCESS

Test sample[2] Start Reading

Test sample[2] Start Invoking

Test sample[2] Start Finding Max Value

Test sample "F":
Predicted F (97%) - SUCCESS

Test sample[2] Finsih


Test sample[3] Start Reading and round values to either -128 or 127

Test sample[3] Start Invoking

Test sample[3] Start Finding Max Value

Test sample "V":
Predicted V (89%) - SUCCESS

Test sample[3] Start Reading

Test sample[3] Start Invoking

Test sample[3] Start Finding Max Value

Test sample "V":
Predicted V (99%) - SUCCESS

Test sample[3] Finsih


Test sample[4] Start Reading and round values to either -128 or 127

Test sample[4] Start Invoking

Test sample[4] Start Finding Max Value

Test sample "E":
Predicted E (99%) - SUCCESS

Test sample[4] Start Reading

Test sample[4] Start Invoking

Test sample[4] Start Finding Max Value

Test sample "E":
Predicted E (95%) - SUCCESS

Test sample[4] Finsih


Test sample[5] Start Reading and round values to either -128 or 127

Test sample[5] Start Invoking

Test sample[5] Start Finding Max Value

Test sample "C":
Predicted U (39%) - FAIL

Test sample[5] Start Reading

Test sample[5] Start Invoking

Test sample[5] Start Finding Max Value

Test sample "C":
Predicted L (91%) - FAIL

Test sample[5] Finsih


Test sample[6] Start Reading and round values to either -128 or 127

Test sample[6] Start Invoking

Test sample[6] Start Finding Max Value

Test sample "W":
Predicted W (99%) - SUCCESS

Test sample[6] Start Reading

Test sample[6] Start Invoking

Test sample[6] Start Finding Max Value

Test sample "W":
Predicted W (76%) - SUCCESS

Test sample[6] Finsih


Test sample[7] Start Reading and round values to either -128 or 127

Test sample[7] Start Invoking

Test sample[7] Start Finding Max Value

Test sample "V":
Predicted V (79%) - SUCCESS

Test sample[7] Start Reading

Test sample[7] Start Invoking

Test sample[7] Start Finding Max Value

Test sample "V":
Predicted V (58%) - SUCCESS

Test sample[7] Finsih


Test sample[8] Start Reading and round values to either -128 or 127

Test sample[8] Start Invoking

Test sample[8] Start Finding Max Value

Test sample "L":
Predicted L (71%) - SUCCESS

Test sample[8] Start Reading

Test sample[8] Start Invoking

Test sample[8] Start Finding Max Value

Test sample "L":
Predicted L (67%) - SUCCESS

Test sample[8] Finsih


Test sample[9] Start Reading and round values to either -128 or 127

Test sample[9] Start Invoking

Test sample[9] Start Finding Max Value

Test sample "U":
Predicted U (99%) - SUCCESS

Test sample[9] Start Reading

Test sample[9] Start Invoking

Test sample[9] Start Finding Max Value

Test sample "U":
Predicted U (57%) - SUCCESS

Test sample[9] Finsih


Test sample[10] Start Reading and round values to either -128 or 127

Test sample[10] Start Invoking

Test sample[10] Start Finding Max Value

Test sample "F":
Predicted F (99%) - SUCCESS

Test sample[10] Start Reading

Test sample[10] Start Invoking

Test sample[10] Start Finding Max Value

Test sample "F":
Predicted F (96%) - SUCCESS

Test sample[10] Finsih


Test sample[11] Start Reading and round values to either -128 or 127

Test sample[11] Start Invoking

Test sample[11] Start Finding Max Value

Test sample "G":
Predicted G (89%) - SUCCESS

Test sample[11] Start Reading

Test sample[11] Start Invoking

Test sample[11] Start Finding Max Value

Test sample "G":
Predicted G (36%) - SUCCESS

Test sample[11] Finsih


Test sample[12] Start Reading and round values to either -128 or 127

Test sample[12] Start Invoking

Test sample[12] Start Finding Max Value

Test sample "B":
Predicted B (99%) - SUCCESS

Test sample[12] Start Reading

Test sample[12] Start Invoking

Test sample[12] Start Finding Max Value

Test sample "B":
Predicted B (99%) - SUCCESS

Test sample[12] Finsih


Test sample[13] Start Reading and round values to either -128 or 127

Test sample[13] Start Invoking

Test sample[13] Start Finding Max Value

Test sample "P":
Predicted P (85%) - SUCCESS

Test sample[13] Start Reading

Test sample[13] Start Invoking

Test sample[13] Start Finding Max Value

Test sample "P":
Predicted P (45%) - SUCCESS

Test sample[13] Finsih


Test sample[14] Start Reading and round values to either -128 or 127

Test sample[14] Start Invoking

Test sample[14] Start Finding Max Value

Test sample "E":
Predicted E (97%) - SUCCESS

Test sample[14] Start Reading

Test sample[14] Start Invoking

Test sample[14] Start Finding Max Value

Test sample "E":
Predicted C (90%) - FAIL

Test sample[14] Finsih


Test sample[15] Start Reading and round values to either -128 or 127

Test sample[15] Start Invoking

Test sample[15] Start Finding Max Value

Test sample "E":
Predicted E (99%) - SUCCESS

Test sample[15] Start Reading

Test sample[15] Start Invoking

Test sample[15] Start Finding Max Value

Test sample "E":
Predicted L (41%) - FAIL

Test sample[15] Finsih


Test sample[16] Start Reading and round values to either -128 or 127

Test sample[16] Start Invoking

Test sample[16] Start Finding Max Value

Test sample "U":
Predicted U (99%) - SUCCESS

Test sample[16] Start Reading

Test sample[16] Start Invoking

Test sample[16] Start Finding Max Value

Test sample "U":
Predicted U (77%) - SUCCESS

Test sample[16] Finsih


Test sample[17] Start Reading and round values to either -128 or 127

Test sample[17] Start Invoking

Test sample[17] Start Finding Max Value

Test sample "B":
Predicted B (99%) - SUCCESS

Test sample[17] Start Reading

Test sample[17] Start Invoking

Test sample[17] Start Finding Max Value

Test sample "B":
Predicted B (57%) - SUCCESS

Test sample[17] Finsih


Test sample[18] Start Reading and round values to either -128 or 127

Test sample[18] Start Invoking

Test sample[18] Start Finding Max Value

Test sample "P":
Predicted P (97%) - SUCCESS

Test sample[18] Start Reading

Test sample[18] Start Invoking

Test sample[18] Start Finding Max Value

Test sample "P":
Predicted P (66%) - SUCCESS

Test sample[18] Finsih


Test sample[19] Start Reading and round values to either -128 or 127

Test sample[19] Start Invoking

Test sample[19] Start Finding Max Value

Test sample "F":
Predicted F (97%) - SUCCESS

Test sample[19] Start Reading

Test sample[19] Start Invoking

Test sample[19] Start Finding Max Value

Test sample "F":
Predicted F (58%) - SUCCESS

Test sample[19] Finsih


Test sample[20] Start Reading and round values to either -128 or 127

Test sample[20] Start Invoking

Test sample[20] Start Finding Max Value

Test sample "C":
Predicted C (77%) - SUCCESS

Test sample[20] Start Reading

Test sample[20] Start Invoking

Test sample[20] Start Finding Max Value

Test sample "C":
Predicted C (44%) - SUCCESS

Test sample[20] Finsih


Test sample[21] Start Reading and round values to either -128 or 127

Test sample[21] Start Invoking

Test sample[21] Start Finding Max Value

Test sample "D":
Predicted D (99%) - SUCCESS

Test sample[21] Start Reading

Test sample[21] Start Invoking

Test sample[21] Start Finding Max Value

Test sample "D":
Predicted J (94%) - FAIL

Test sample[21] Finsih


Test sample[22] Start Reading and round values to either -128 or 127

Test sample[22] Start Invoking

Test sample[22] Start Finding Max Value

Test sample "X":
Predicted X (98%) - SUCCESS

Test sample[22] Start Reading

Test sample[22] Start Invoking

Test sample[22] Start Finding Max Value

Test sample "X":
Predicted L (55%) - FAIL

Test sample[22] Finsih


Test sample[23] Start Reading and round values to either -128 or 127

Test sample[23] Start Invoking

Test sample[23] Start Finding Max Value

Test sample "Y":
Predicted Y (99%) - SUCCESS

Test sample[23] Start Reading

Test sample[23] Start Invoking

Test sample[23] Start Finding Max Value

Test sample "Y":
Predicted Y (92%) - SUCCESS

Test sample[23] Finsih


Test sample[24] Start Reading and round values to either -128 or 127

Test sample[24] Start Invoking

Test sample[24] Start Finding Max Value

Test sample "U":
Predicted U (75%) - SUCCESS

Test sample[24] Start Reading

Test sample[24] Start Invoking

Test sample[24] Start Finding Max Value

Test sample "U":
Predicted V (50%) - FAIL

Test sample[24] Finsih


Test sample[0] Start Reading and round values to either -128 or 127

Test sample[0] Start Invoking

Test sample[0] Start Finding Max Value

Test sample "T":
Predicted T (95%) - SUCCESS

Test sample[0] Start Reading

Test sample[0] Start Invoking

Test sample[0] Start Finding Max Value

Test sample "T":
Predicted T (93%) - SUCCESS

Test sample[0] Finsih


Test sample[1] Start Reading and round values to either -128 or 127

Test sample[1] Start Invoking

Test sample[1] Start Finding Max Value

Test sample "R":
Predicted R (98%) - SUCCESS

Test sample[1] Start Reading

Test sample[1] Start Invoking

Test sample[1] Start Finding Max Value

Test sample "R":
Predicted R (29%) - SUCCESS

Test sample[1] Finsih


Test sample[2] Start Reading and round values to either -128 or 127

Test sample[2] Start Invoking

Test sample[2] Start Finding Max Value

Test sample "F":
Predicted F (99%) - SUCCESS

Test sample[2] Start Reading

Test sample[2] Start Invoking

Test sample[2] Start Finding Max Value

Test sample "F":
Predicted F (97%) - SUCCESS

Test sample[2] Finsih


Test sample[3] Start Reading and round values to either -128 or 127

Test sample[3] Start Invoking

Test sample[3] Start Finding Max Value

Test sample "V":
Predicted V (89%) - SUCCESS

Test sample[3] Start Reading

Test sample[3] Start Invoking

Test sample[3] Start Finding Max Value

Test sample "V":
Predicted V (99%) - SUCCESS

Test sample[3] Finsih


Test sample[4] Start Reading and round values to either -128 or 127

Test sample[4] Start Invoking

Test sample[4] Start Finding Max Value

Test sample "E":
Predicted E (99%) - SUCCESS

Test sample[4] Start Reading

Test sample[4] Start Invoking

Test sample[4] Start Finding Max Value

Test sample "E":
Predicted E (95%) - SUCCESS

Test sample[4] Finsih


Test sample[5] Start Reading and round values to either -128 or 127

Test sample[5] Start Invoking

Test sample[5] Start Finding Max Value

Test sample "C":
Predicted U (39%) - FAIL

Test sample[5] Start Reading

Test sample[5] Start Invoking

Test sample[5] Start Finding Max Value

Test sample "C":
Predicted L (91%) - FAIL

Test sample[5] Finsih


Test sample[6] Start Reading and round values to either -128 or 127

Test sample[6] Start Invoking

Test sample[6] Start Finding Max Value

Test sample "W":
Predicted W (99%) - SUCCESS

Test sample[6] Start Reading

Test sample[6] Start Invoking

Test sample[6] Start Finding Max Value

Test sample "W":
Predicted W (76%) - SUCCESS

Test sample[6] Finsih


Test sample[7] Start Reading and round values to either -128 or 127

Test sample[7] Start Invoking

Test sample[7] Start Finding Max Value

Test sample "V":
Predicted V (79%) - SUCCESS

Test sample[7] Start Reading

Test sample[7] Start Invoking

Test sample[7] Start Finding Max Value

Test sample "V":
Predicted V (58%) - SUCCESS

Test sample[7] Finsih


Test sample[8] Start Reading and round values to either -128 or 127

Test sample[8] Start Invoking

Test sample[8] Start Finding Max Value

Test sample "L":
Predicted L (71%) - SUCCESS

Test sample[8] Start Reading

Test sample[8] Start Invoking

Test sample[8] Start Finding Max Value

Test sample "L":
Predicted L (67%) - SUCCESS

Test sample[8] Finsih


Test sample[9] Start Reading and round values to either -128 or 127

Test sample[9] Start Invoking

Test sample[9] Start Finding Max Value

Test sample "U":
Predicted U (99%) - SUCCESS

Test sample[9] Start Reading

Test sample[9] Start Invoking

Test sample[9] Start Finding Max Value

Test sample "U":
Predicted U (57%) - SUCCESS

Test sample[9] Finsih


Test sample[10] Start Reading and round values to either -128 or 127

Test sample[10] Start Invoking

Test sample[10] Start Finding Max Value

Test sample "F":
Predicted F (99%) - SUCCESS

Test sample[10] Start Reading

Test sample[10] Start Invoking

Test sample[10] Start Finding Max Value

Test sample "F":
Predicted F (96%) - SUCCESS

Test sample[10] Finsih


Test sample[11] Start Reading and round values to either -128 or 127

Test sample[11] Start Invoking

Test sample[11] Start Finding Max Value

Test sample "G":
Predicted G (89%) - SUCCESS

Test sample[11] Start Reading

Test sample[11] Start Invoking

Test sample[11] Start Finding Max Value

Test sample "G":
Predicted G (36%) - SUCCESS

Test sample[11] Finsih


Test sample[12] Start Reading and round values to either -128 or 127

Test sample[12] Start Invoking

Test sample[12] Start Finding Max Value

Test sample "B":
Predicted B (99%) - SUCCESS

Test sample[12] Start Reading

Test sample[12] Start Invoking

Test sample[12] Start Finding Max Value

Test sample "B":
Predicted B (99%) - SUCCESS

Test sample[12] Finsih


Test sample[13] Start Reading and round values to either -128 or 127

Test sample[13] Start Invoking

Test sample[13] Start Finding Max Value

Test sample "P":
Predicted P (85%) - SUCCESS

Test sample[13] Start Reading

Test sample[13] Start Invoking

Test sample[13] Start Finding Max Value

Test sample "P":
Predicted P (45%) - SUCCESS

Test sample[13] Finsih


Test sample[14] Start Reading and round values to either -128 or 127

Test sample[14] Start Invoking

Test sample[14] Start Finding Max Value

Test sample "E":
Predicted E (97%) - SUCCESS

Test sample[14] Start Reading

Test sample[14] Start Invoking

Test sample[14] Start Finding Max Value

Test sample "E":
Predicted C (90%) - FAIL

Test sample[14] Finsih


Test sample[15] Start Reading and round values to either -128 or 127

Test sample[15] Start Invoking

Test sample[15] Start Finding Max Value

Test sample "E":
Predicted E (99%) - SUCCESS

Test sample[15] Start Reading

Test sample[15] Start Invoking

Test sample[15] Start Finding Max Value

Test sample "E":
Predicted L (41%) - FAIL

Test sample[15] Finsih


Test sample[16] Start Reading and round values to either -128 or 127

Test sample[16] Start Invoking

Test sample[16] Start Finding Max Value

Test sample "U":
Predicted U (99%) - SUCCESS

Test sample[16] Start Reading

Test sample[16] Start Invoking

Test sample[16] Start Finding Max Value

Test sample "U":
Predicted U (77%) - SUCCESS

Test sample[16] Finsih


Test sample[17] Start Reading and round values to either -128 or 127

Test sample[17] Start Invoking

Test sample[17] Start Finding Max Value

Test sample "B":
Predicted B (99%) - SUCCESS

Test sample[17] Start Reading

Test sample[17] Start Invoking

Test sample[17] Start Finding Max Value

Test sample "B":
Predicted B (57%) - SUCCESS

Test sample[17] Finsih


Test sample[18] Start Reading and round values to either -128 or 127

Test sample[18] Start Invoking

Test sample[18] Start Finding Max Value

Test sample "P":
Predicted P (97%) - SUCCESS

Test sample[18] Start Reading

Test sample[18] Start Invoking

Test sample[18] Start Finding Max Value

Test sample "P":
Predicted P (66%) - SUCCESS

Test sample[18] Finsih


Test sample[19] Start Reading and round values to either -128 or 127

Test sample[19] Start Invoking

Test sample[19] Start Finding Max Value

Test sample "F":
Predicted F (97%) - SUCCESS

Test sample[19] Start Reading

Test sample[19] Start Invoking

Test sample[19] Start Finding Max Value

Test sample "F":
Predicted F (58%) - SUCCESS

Test sample[19] Finsih


Test sample[20] Start Reading and round values to either -128 or 127

Test sample[20] Start Invoking

Test sample[20] Start Finding Max Value

Test sample "C":
Predicted C (77%) - SUCCESS

Test sample[20] Start Reading

Test sample[20] Start Invoking

Test sample[20] Start Finding Max Value

Test sample "C":
Predicted C (44%) - SUCCESS

Test sample[20] Finsih


Test sample[21] Start Reading and round values to either -128 or 127

Test sample[21] Start Invoking

Test sample[21] Start Finding Max Value

Test sample "D":
Predicted D (99%) - SUCCESS

Test sample[21] Start Reading

Test sample[21] Start Invoking

Test sample[21] Start Finding Max Value

Test sample "D":
Predicted J (94%) - FAIL

Test sample[21] Finsih


Test sample[22] Start Reading and round values to either -128 or 127

Test sample[22] Start Invoking

Test sample[22] Start Finding Max Value

Test sample "X":
Predicted X (98%) - SUCCESS

Test sample[22] Start Reading

Test sample[22] Start Invoking

Test sample[22] Start Finding Max Value

Test sample "X":
Predicted L (55%) - FAIL

Test sample[22] Finsih


Test sample[23] Start Reading and round values to either -128 or 127

Test sample[23] Start Invoking

Test sample[23] Start Finding Max Value

Test sample "Y":
Predicted Y (99%) - SUCCESS

Test sample[23] Start Reading

Test sample[23] Start Invoking

Test sample[23] Start Finding Max Value

Test sample "Y":
Predicted Y (92%) - SUCCESS

Test sample[23] Finsih


Test sample[24] Start Reading and round values to either -128 or 127

Test sample[24] Start Invoking

Test sample[24] Start Finding Max Value

Test sample "U":
Predicted U (75%) - SUCCESS

Test sample[24] Start Reading

Test sample[24] Start Invoking

Test sample[24] Start Finding Max Value

Test sample "U":
Predicted V (50%) - FAIL

Test sample[24] Finsih


Test sample[0] Start Reading and round values to either -128 or 127

Test sample[0] Start Invoking

Test sample[0] Start Finding Max Value

Test sample "T":
Predicted T (95%) - SUCCESS

Test sample[0] Start Reading

Test sample[0] Start Invoking

Test sample[0] Start Finding Max Value

Test sample "T":
Predicted T (93%) - SUCCESS

Test sample[0] Finsih


Test sample[1] Start Reading and round values to either -128 or 127

Test sample[1] Start Invoking

Test sample[1] Start Finding Max Value

Test sample "R":
Predicted R (98%) - SUCCESS

Test sample[1] Start Reading

Test sample[1] Start Invoking

Test sample[1] Start Finding Max Value

Test sample "R":
Predicted R (29%) - SUCCESS

Test sample[1] Finsih


Test sample[2] Start Reading and round values to either -128 or 127

Test sample[2] Start Invoking

Test sample[2] Start Finding Max Value

Test sample "F":
Predicted F (99%) - SUCCESS

Test sample[2] Start Reading

Test sample[2] Start Invoking

Test sample[2] Start Finding Max Value

Test sample "F":
Predicted F (97%) - SUCCESS

Test sample[2] Finsih


Test sample[3] Start Reading and round values to either -128 or 127

Test sample[3] Start Invoking

Test sample[3] Start Finding Max Value

Test sample "V":
Predicted V (89%) - SUCCESS

Test sample[3] Start Reading

Test sample[3] Start Invoking

Test sample[3] Start Finding Max Value

Test sample "V":
Predicted V (99%) - SUCCESS

Test sample[3] Finsih


Test sample[4] Start Reading and round values to either -128 or 127

Test sample[4] Start Invoking

Test sample[4] Start Finding Max Value

Test sample "E":
Predicted E (99%) - SUCCESS

Test sample[4] Start Reading

Test sample[4] Start Invoking

Test sample[4] Start Finding Max Value

Test sample "E":
Predicted E (95%) - SUCCESS

Test sample[4] Finsih


Test sample[5] Start Reading and round values to either -128 or 127

Test sample[5] Start Invoking

Test sample[5] Start Finding Max Value

Test sample "C":
Predicted U (39%) - FAIL

Test sample[5] Start Reading

Test sample[5] Start Invoking

Test sample[5] Start Finding Max Value

Test sample "C":
Predicted L (91%) - FAIL

Test sample[5] Finsih


Test sample[6] Start Reading and round values to either -128 or 127

Test sample[6] Start Invoking

Test sample[6] Start Finding Max Value

Test sample "W":
Predicted W (99%) - SUCCESS

Test sample[6] Start Reading

Test sample[6] Start Invoking

Test sample[6] Start Finding Max Value

Test sample "W":
Predicted W (76%) - SUCCESS

Test sample[6] Finsih


Test sample[7] Start Reading and round values to either -128 or 127

Test sample[7] Start Invoking

Test sample[7] Start Finding Max Value

Test sample "V":
Predicted V (79%) - SUCCESS

Test sample[7] Start Reading

Test sample[7] Start Invoking

Test sample[7] Start Finding Max Value

Test sample "V":
Predicted V (58%) - SUCCESS

Test sample[7] Finsih


Test sample[8] Start Reading and round values to either -128 or 127

Test sample[8] Start Invoking

Test sample[8] Start Finding Max Value

Test sample "L":
Predicted L (71%) - SUCCESS

Test sample[8] Start Reading

Test sample[8] Start Invoking

Test sample[8] Start Finding Max Value

Test sample "L":
Predicted L (67%) - SUCCESS

Test sample[8] Finsih


Test sample[9] Start Reading and round values to either -128 or 127

Test sample[9] Start Invoking

Test sample[9] Start Finding Max Value

Test sample "U":
Predicted U (99%) - SUCCESS

Test sample[9] Start Reading

Test sample[9] Start Invoking

Test sample[9] Start Finding Max Value

Test sample "U":
Predicted U (57%) - SUCCESS

Test sample[9] Finsih


Test sample[10] Start Reading and round values to either -128 or 127

Test sample[10] Start Invoking

Test sample[10] Start Finding Max Value

Test sample "F":
Predicted F (99%) - SUCCESS

Test sample[10] Start Reading

Test sample[10] Start Invoking

Test sample[10] Start Finding Max Value

Test sample "F":
Predicted F (96%) - SUCCESS

Test sample[10] Finsih


Test sample[11] Start Reading and round values to either -128 or 127

Test sample[11] Start Invoking

Test sample[11] Start Finding Max Value

Test sample "G":
Predicted G (89%) - SUCCESS

Test sample[11] Start Reading

Test sample[11] Start Invoking

Test sample[11] Start Finding Max Value

Test sample "G":
Predicted G (36%) - SUCCESS

Test sample[11] Finsih


Test sample[12] Start Reading and round values to either -128 or 127

Test sample[12] Start Invoking

Test sample[12] Start Finding Max Value

Test sample "B":
Predicted B (99%) - SUCCESS

Test sample[12] Start Reading

Test sample[12] Start Invoking

